<?xml version="1.0" encoding="UTF-8"?>
<!-- Generated by org.testng.reporters.JUnitReportReporter -->
<testsuite hostname="Amerys-MacBook-Pro.local" name="storm.starter.bolt.RollingCountBoltTest" tests="4" failures="0" timestamp="25 May 2017 05:57:05 GMT" time="0.032" errors="0">
  <testcase name="shouldEmitNothingIfNoObjectHasBeenCountedYetAndTickTupleIsReceived" time="0.028" classname="storm.starter.bolt.RollingCountBoltTest"/>
  <testcase name="shouldDeclareOutputFields" time="0.002" classname="storm.starter.bolt.RollingCountBoltTest"/>
  <testcase name="shouldSetTickTupleFrequencyInComponentConfigurationToNonZeroValue" time="0.000" classname="storm.starter.bolt.RollingCountBoltTest"/>
  <testcase name="shouldEmitSomethingIfAtLeastOneObjectWasCountedAndTickTupleIsReceived" time="0.002" classname="storm.starter.bolt.RollingCountBoltTest"/>
</testsuite> <!-- storm.starter.bolt.RollingCountBoltTest -->
